-------------------------------------------------------------------------------
Test set: TestSuite
-------------------------------------------------------------------------------
Tests run: 4, Failures: 1, Errors: 0, Skipped: 0, Time elapsed: 1.922 sec <<< FAILURE!
testSomeMethod(com.tuna.nic.exception.InvalidNICExceptionNGTest)  Time elapsed: 0.031 sec  <<< FAILURE!
java.lang.AssertionError: The test case is a prototype.
	at org.testng.Assert.fail(Assert.java:94)
	at com.tuna.nic.exception.InvalidNICExceptionNGTest.testSomeMethod(InvalidNICExceptionNGTest.java:42)
